e:\documents\programming4\prog4_minigin_retake\engine\pengo\debug\pengo.pch
e:\documents\programming4\prog4_minigin_retake\engine\pengo\debug\vc141.pdb
e:\documents\programming4\prog4_minigin_retake\engine\pengo\debug\vc141.idb
e:\documents\programming4\prog4_minigin_retake\engine\pengo\debug\pch.obj
e:\documents\programming4\prog4_minigin_retake\engine\pengo\debug\pookacomponent.obj
e:\documents\programming4\prog4_minigin_retake\engine\pengo\debug\pengoscene.obj
e:\documents\programming4\prog4_minigin_retake\engine\pengo\debug\pengo.obj
e:\documents\programming4\prog4_minigin_retake\engine\pengo\debug\movingstate.obj
e:\documents\programming4\prog4_minigin_retake\engine\pengo\debug\lookupstate.obj
e:\documents\programming4\prog4_minigin_retake\engine\pengo\debug\lookrightstate.obj
e:\documents\programming4\prog4_minigin_retake\engine\pengo\debug\lookleftstate.obj
e:\documents\programming4\prog4_minigin_retake\engine\pengo\debug\lookdownstate.obj
e:\documents\programming4\prog4_minigin_retake\engine\pengo\debug\leftcommand.obj
e:\documents\programming4\prog4_minigin_retake\engine\pengo\debug\idlestate.obj
e:\documents\programming4\prog4_minigin_retake\engine\pengo\debug\idlecommand.obj
e:\documents\programming4\prog4_minigin_retake\engine\pengo\debug\hitstate.obj
e:\documents\programming4\prog4_minigin_retake\engine\pengo\debug\grid.obj
e:\documents\programming4\prog4_minigin_retake\engine\pengo\debug\enemydied.obj
e:\documents\programming4\prog4_minigin_retake\engine\pengo\debug\egghatched.obj
e:\documents\programming4\prog4_minigin_retake\engine\pengo\debug\downcommand.obj
e:\documents\programming4\prog4_minigin_retake\engine\pengo\debug\collisioncomponent.obj
e:\documents\programming4\prog4_minigin_retake\engine\pengo\debug\block.obj
e:\documents\programming4\prog4_minigin_retake\engine\pengo\debug\attackstate.obj
e:\documents\programming4\prog4_minigin_retake\engine\pengo\debug\attackcommand.obj
e:\documents\programming4\prog4_minigin_retake\engine\pengo\debug\upcommand.obj
e:\documents\programming4\prog4_minigin_retake\engine\pengo\debug\typecomponent.obj
e:\documents\programming4\prog4_minigin_retake\engine\pengo\debug\stopattackcommand.obj
e:\documents\programming4\prog4_minigin_retake\engine\pengo\debug\score.obj
e:\documents\programming4\prog4_minigin_retake\engine\pengo\debug\rightcommand.obj
e:\documents\programming4\prog4_minigin_retake\engine\debug\pengo.exe
e:\documents\programming4\prog4_minigin_retake\engine\debug\pengo.ilk
e:\documents\programming4\prog4_minigin_retake\engine\debug\pengo.pdb
e:\documents\programming4\prog4_minigin_retake\engine\pengo\debug\pengo.tlog\cl.command.1.tlog
e:\documents\programming4\prog4_minigin_retake\engine\pengo\debug\pengo.tlog\cl.read.1.tlog
e:\documents\programming4\prog4_minigin_retake\engine\pengo\debug\pengo.tlog\cl.write.1.tlog
e:\documents\programming4\prog4_minigin_retake\engine\pengo\debug\pengo.tlog\link.command.1.tlog
e:\documents\programming4\prog4_minigin_retake\engine\pengo\debug\pengo.tlog\link.read.1.tlog
e:\documents\programming4\prog4_minigin_retake\engine\pengo\debug\pengo.tlog\link.write.1.tlog
