e:\documents\programming4\prog4_minigin_retake\engine\minigin\win32\release\minigin.pdb
e:\documents\programming4\prog4_minigin_retake\engine\minigin\win32\release\transform.obj
e:\documents\programming4\prog4_minigin_retake\engine\minigin\win32\release\texturecomponent.obj
e:\documents\programming4\prog4_minigin_retake\engine\minigin\win32\release\texture2d.obj
e:\documents\programming4\prog4_minigin_retake\engine\minigin\win32\release\textobject.obj
e:\documents\programming4\prog4_minigin_retake\engine\minigin\win32\release\statecomponent.obj
e:\documents\programming4\prog4_minigin_retake\engine\minigin\win32\release\scenemanager.obj
e:\documents\programming4\prog4_minigin_retake\engine\minigin\win32\release\scene.obj
e:\documents\programming4\prog4_minigin_retake\engine\minigin\win32\release\resourcemanager.obj
e:\documents\programming4\prog4_minigin_retake\engine\minigin\win32\release\renderer.obj
e:\documents\programming4\prog4_minigin_retake\engine\minigin\win32\release\log.obj
e:\documents\programming4\prog4_minigin_retake\engine\minigin\win32\release\locator.obj
e:\documents\programming4\prog4_minigin_retake\engine\minigin\win32\release\inputmanager.obj
e:\documents\programming4\prog4_minigin_retake\engine\minigin\win32\release\inputcomponent.obj
e:\documents\programming4\prog4_minigin_retake\engine\minigin\win32\release\gameobject.obj
e:\documents\programming4\prog4_minigin_retake\engine\minigin\win32\release\fpscomponent.obj
e:\documents\programming4\prog4_minigin_retake\engine\minigin\win32\release\font.obj
e:\documents\programming4\prog4_minigin_retake\engine\minigin\win32\release\binarywriter.obj
e:\documents\programming4\prog4_minigin_retake\engine\minigin\win32\release\binaryreader.obj
e:\documents\programming4\prog4_minigin_retake\engine\minigin\win32\release\basecomponent.obj
e:\documents\programming4\prog4_minigin_retake\engine\minigin\win32\release\minigin.obj
e:\documents\programming4\prog4_minigin_retake\engine\minigin\win32\release\minigin.pch
e:\documents\programming4\prog4_minigin_retake\engine\minigin\win32\release\miniginpch.obj
e:\documents\programming4\prog4_minigin_retake\engine\minigin\win32\release\subject.obj
e:\documents\programming4\prog4_minigin_retake\engine\minigin\win32\release\observer.obj
e:\documents\programming4\prog4_minigin_retake\engine\minigin\win32\release\event.obj
e:\documents\programming4\prog4_minigin_retake\engine\win32\release\minigin.lib
e:\documents\programming4\prog4_minigin_retake\engine\minigin\win32\release\minigin.tlog\cl.command.1.tlog
e:\documents\programming4\prog4_minigin_retake\engine\minigin\win32\release\minigin.tlog\cl.read.1.tlog
e:\documents\programming4\prog4_minigin_retake\engine\minigin\win32\release\minigin.tlog\cl.write.1.tlog
e:\documents\programming4\prog4_minigin_retake\engine\minigin\win32\release\minigin.tlog\lib-link.read.1.tlog
e:\documents\programming4\prog4_minigin_retake\engine\minigin\win32\release\minigin.tlog\lib-link.write.1.tlog
e:\documents\programming4\prog4_minigin_retake\engine\minigin\win32\release\minigin.tlog\lib.command.1.tlog
