  MiniginPCH.cpp
  BaseComponent.cpp
  FPSComponent.cpp
  Font.cpp
  GameObject.cpp
  InputManager.cpp
  Locator.cpp
  Log.cpp
  Main.cpp
  Minigin.cpp
  Renderer.cpp
  ResourceManager.cpp
  Scene.cpp
  SceneManager.cpp
  TextObject.cpp
  Texture2D.cpp
  TextureComponent.cpp
  Transform.cpp
  Generating Code...
     Creating library E:\Documents\Programming4\2DAE06_PROG4_05_Eeckhout_Jens\Engine\x64\Debug\Minigin.lib and object E:\Documents\Programming4\2DAE06_PROG4_05_Eeckhout_Jens\Engine\x64\Debug\Minigin.exp
  Minigin.vcxproj -> E:\Documents\Programming4\2DAE06_PROG4_05_Eeckhout_Jens\Engine\x64\Debug\Minigin.exe
  E:\Documents\Programming4\2DAE06_PROG4_05_Eeckhout_Jens\Engine\3rdParty\SDL2\lib\x64\SDL2.dll
  1 File(s) copied
  E:\Documents\Programming4\2DAE06_PROG4_05_Eeckhout_Jens\Engine\3rdParty\SDL2_image\lib\x64\libjpeg-9.dll
  E:\Documents\Programming4\2DAE06_PROG4_05_Eeckhout_Jens\Engine\3rdParty\SDL2_image\lib\x64\libpng16-16.dll
  E:\Documents\Programming4\2DAE06_PROG4_05_Eeckhout_Jens\Engine\3rdParty\SDL2_image\lib\x64\libtiff-5.dll
  E:\Documents\Programming4\2DAE06_PROG4_05_Eeckhout_Jens\Engine\3rdParty\SDL2_image\lib\x64\libwebp-7.dll
  E:\Documents\Programming4\2DAE06_PROG4_05_Eeckhout_Jens\Engine\3rdParty\SDL2_image\lib\x64\SDL2_image.dll
  E:\Documents\Programming4\2DAE06_PROG4_05_Eeckhout_Jens\Engine\3rdParty\SDL2_image\lib\x64\zlib1.dll
  6 File(s) copied
  E:\Documents\Programming4\2DAE06_PROG4_05_Eeckhout_Jens\Engine\3rdParty\SDL2_ttf\lib\x64\libfreetype-6.dll
  E:\Documents\Programming4\2DAE06_PROG4_05_Eeckhout_Jens\Engine\3rdParty\SDL2_ttf\lib\x64\SDL2_ttf.dll
  2 File(s) copied
