e:\documents\programming4\2dae06_prog4_05_eeckhout_jens\engine\minigin\x64\debug\minigin.pch
e:\documents\programming4\2dae06_prog4_05_eeckhout_jens\engine\minigin\x64\debug\vc141.pdb
e:\documents\programming4\2dae06_prog4_05_eeckhout_jens\engine\minigin\x64\debug\vc141.idb
e:\documents\programming4\2dae06_prog4_05_eeckhout_jens\engine\minigin\x64\debug\miniginpch.obj
e:\documents\programming4\2dae06_prog4_05_eeckhout_jens\engine\minigin\x64\debug\transform.obj
e:\documents\programming4\2dae06_prog4_05_eeckhout_jens\engine\minigin\x64\debug\texturecomponent.obj
e:\documents\programming4\2dae06_prog4_05_eeckhout_jens\engine\minigin\x64\debug\texture2d.obj
e:\documents\programming4\2dae06_prog4_05_eeckhout_jens\engine\minigin\x64\debug\textobject.obj
e:\documents\programming4\2dae06_prog4_05_eeckhout_jens\engine\minigin\x64\debug\scenemanager.obj
e:\documents\programming4\2dae06_prog4_05_eeckhout_jens\engine\minigin\x64\debug\scene.obj
e:\documents\programming4\2dae06_prog4_05_eeckhout_jens\engine\minigin\x64\debug\resourcemanager.obj
e:\documents\programming4\2dae06_prog4_05_eeckhout_jens\engine\minigin\x64\debug\renderer.obj
e:\documents\programming4\2dae06_prog4_05_eeckhout_jens\engine\minigin\x64\debug\minigin.obj
e:\documents\programming4\2dae06_prog4_05_eeckhout_jens\engine\minigin\x64\debug\main.obj
e:\documents\programming4\2dae06_prog4_05_eeckhout_jens\engine\minigin\x64\debug\log.obj
e:\documents\programming4\2dae06_prog4_05_eeckhout_jens\engine\minigin\x64\debug\locator.obj
e:\documents\programming4\2dae06_prog4_05_eeckhout_jens\engine\minigin\x64\debug\inputmanager.obj
e:\documents\programming4\2dae06_prog4_05_eeckhout_jens\engine\minigin\x64\debug\gameobject.obj
e:\documents\programming4\2dae06_prog4_05_eeckhout_jens\engine\minigin\x64\debug\fpscomponent.obj
e:\documents\programming4\2dae06_prog4_05_eeckhout_jens\engine\minigin\x64\debug\font.obj
e:\documents\programming4\2dae06_prog4_05_eeckhout_jens\engine\minigin\x64\debug\binarywriter.obj
e:\documents\programming4\2dae06_prog4_05_eeckhout_jens\engine\minigin\x64\debug\binaryreader.obj
e:\documents\programming4\2dae06_prog4_05_eeckhout_jens\engine\minigin\x64\debug\basecomponent.obj
e:\documents\programming4\2dae06_prog4_05_eeckhout_jens\engine\minigin\x64\debug\basestate.obj
e:\documents\programming4\2dae06_prog4_05_eeckhout_jens\engine\minigin\x64\debug\statecomponent.obj
e:\documents\programming4\2dae06_prog4_05_eeckhout_jens\engine\x64\debug\minigin.exe
e:\documents\programming4\2dae06_prog4_05_eeckhout_jens\engine\x64\debug\minigin.ilk
e:\documents\programming4\2dae06_prog4_05_eeckhout_jens\engine\x64\debug\minigin.pdb
e:\documents\programming4\2dae06_prog4_05_eeckhout_jens\engine\x64\debug\minigin.lib
e:\documents\programming4\2dae06_prog4_05_eeckhout_jens\engine\x64\debug\minigin.exp
e:\documents\programming4\2dae06_prog4_05_eeckhout_jens\engine\minigin\x64\debug\minigin.tlog\cl.command.1.tlog
e:\documents\programming4\2dae06_prog4_05_eeckhout_jens\engine\minigin\x64\debug\minigin.tlog\cl.read.1.tlog
e:\documents\programming4\2dae06_prog4_05_eeckhout_jens\engine\minigin\x64\debug\minigin.tlog\cl.write.1.tlog
e:\documents\programming4\2dae06_prog4_05_eeckhout_jens\engine\minigin\x64\debug\minigin.tlog\link.command.1.tlog
e:\documents\programming4\2dae06_prog4_05_eeckhout_jens\engine\minigin\x64\debug\minigin.tlog\link.read.1.tlog
e:\documents\programming4\2dae06_prog4_05_eeckhout_jens\engine\minigin\x64\debug\minigin.tlog\link.write.1.tlog
e:\documents\programming4\2dae06_prog4_05_eeckhout_jens\engine\minigin\x64\debug\minigin.tlog\minigin.write.1u.tlog
