e:\documents\programming4\prog4_minigin_retake\engine\minigin\win32\debug\minigin.pch
e:\documents\programming4\prog4_minigin_retake\engine\minigin\win32\debug\minigin.pdb
e:\documents\programming4\prog4_minigin_retake\engine\minigin\win32\debug\minigin.idb
e:\documents\programming4\prog4_minigin_retake\engine\minigin\win32\debug\miniginpch.obj
e:\documents\programming4\prog4_minigin_retake\engine\minigin\win32\debug\transform.obj
e:\documents\programming4\prog4_minigin_retake\engine\minigin\win32\debug\texturecomponent.obj
e:\documents\programming4\prog4_minigin_retake\engine\minigin\win32\debug\texture2d.obj
e:\documents\programming4\prog4_minigin_retake\engine\minigin\win32\debug\textobject.obj
e:\documents\programming4\prog4_minigin_retake\engine\minigin\win32\debug\statecomponent.obj
e:\documents\programming4\prog4_minigin_retake\engine\minigin\win32\debug\scenemanager.obj
e:\documents\programming4\prog4_minigin_retake\engine\minigin\win32\debug\scene.obj
e:\documents\programming4\prog4_minigin_retake\engine\minigin\win32\debug\resourcemanager.obj
e:\documents\programming4\prog4_minigin_retake\engine\minigin\win32\debug\renderer.obj
e:\documents\programming4\prog4_minigin_retake\engine\minigin\win32\debug\log.obj
e:\documents\programming4\prog4_minigin_retake\engine\minigin\win32\debug\locator.obj
e:\documents\programming4\prog4_minigin_retake\engine\minigin\win32\debug\inputmanager.obj
e:\documents\programming4\prog4_minigin_retake\engine\minigin\win32\debug\inputcomponent.obj
e:\documents\programming4\prog4_minigin_retake\engine\minigin\win32\debug\gameobject.obj
e:\documents\programming4\prog4_minigin_retake\engine\minigin\win32\debug\fpscomponent.obj
e:\documents\programming4\prog4_minigin_retake\engine\minigin\win32\debug\font.obj
e:\documents\programming4\prog4_minigin_retake\engine\minigin\win32\debug\binarywriter.obj
e:\documents\programming4\prog4_minigin_retake\engine\minigin\win32\debug\binaryreader.obj
e:\documents\programming4\prog4_minigin_retake\engine\minigin\win32\debug\basecomponent.obj
e:\documents\programming4\prog4_minigin_retake\engine\minigin\win32\debug\minigin.obj
e:\documents\programming4\prog4_minigin_retake\engine\win32\debug\minigin.lib
e:\documents\programming4\prog4_minigin_retake\engine\win32\debug\minigin.pdb
e:\documents\programming4\prog4_minigin_retake\engine\minigin\win32\debug\minigin.tlog\cl.command.1.tlog
e:\documents\programming4\prog4_minigin_retake\engine\minigin\win32\debug\minigin.tlog\cl.read.1.tlog
e:\documents\programming4\prog4_minigin_retake\engine\minigin\win32\debug\minigin.tlog\cl.write.1.tlog
e:\documents\programming4\prog4_minigin_retake\engine\minigin\win32\debug\minigin.tlog\lib-link.read.1.tlog
e:\documents\programming4\prog4_minigin_retake\engine\minigin\win32\debug\minigin.tlog\lib-link.write.1.tlog
e:\documents\programming4\prog4_minigin_retake\engine\minigin\win32\debug\minigin.tlog\lib.command.1.tlog
