e:\documents\programming4\prog4_minigin_retake\engine\pengo\release\pengo.pch
e:\documents\programming4\prog4_minigin_retake\engine\pengo\release\vc141.pdb
e:\documents\programming4\prog4_minigin_retake\engine\pengo\release\pch.obj
e:\documents\programming4\prog4_minigin_retake\engine\pengo\release\pengo.obj
e:\documents\programming4\prog4_minigin_retake\engine\pengo\release\rightcommand.obj
e:\documents\programming4\prog4_minigin_retake\engine\pengo\release\pookacomponent.obj
e:\documents\programming4\prog4_minigin_retake\engine\pengo\release\pengoscene.obj
e:\documents\programming4\prog4_minigin_retake\engine\pengo\release\movingstate.obj
e:\documents\programming4\prog4_minigin_retake\engine\pengo\release\lookupstate.obj
e:\documents\programming4\prog4_minigin_retake\engine\pengo\release\lookrightstate.obj
e:\documents\programming4\prog4_minigin_retake\engine\pengo\release\lookleftstate.obj
e:\documents\programming4\prog4_minigin_retake\engine\pengo\release\lookdownstate.obj
e:\documents\programming4\prog4_minigin_retake\engine\pengo\release\leftcommand.obj
e:\documents\programming4\prog4_minigin_retake\engine\pengo\release\idlestate.obj
e:\documents\programming4\prog4_minigin_retake\engine\pengo\release\idlecommand.obj
e:\documents\programming4\prog4_minigin_retake\engine\pengo\release\hitstate.obj
e:\documents\programming4\prog4_minigin_retake\engine\pengo\release\grid.obj
e:\documents\programming4\prog4_minigin_retake\engine\pengo\release\enemydied.obj
e:\documents\programming4\prog4_minigin_retake\engine\pengo\release\egghatched.obj
e:\documents\programming4\prog4_minigin_retake\engine\pengo\release\downcommand.obj
e:\documents\programming4\prog4_minigin_retake\engine\pengo\release\collisioncomponent.obj
e:\documents\programming4\prog4_minigin_retake\engine\pengo\release\block.obj
e:\documents\programming4\prog4_minigin_retake\engine\pengo\release\attackstate.obj
e:\documents\programming4\prog4_minigin_retake\engine\pengo\release\attackcommand.obj
e:\documents\programming4\prog4_minigin_retake\engine\pengo\release\upcommand.obj
e:\documents\programming4\prog4_minigin_retake\engine\pengo\release\typecomponent.obj
e:\documents\programming4\prog4_minigin_retake\engine\pengo\release\stopattackcommand.obj
e:\documents\programming4\prog4_minigin_retake\engine\pengo\release\score.obj
e:\documents\programming4\prog4_minigin_retake\engine\release\pengo.exe
e:\documents\programming4\prog4_minigin_retake\engine\release\pengo.pdb
e:\documents\programming4\prog4_minigin_retake\engine\release\pengo.ipdb
e:\documents\programming4\prog4_minigin_retake\engine\release\pengo.iobj
e:\documents\programming4\prog4_minigin_retake\engine\pengo\release\pengo.tlog\cl.command.1.tlog
e:\documents\programming4\prog4_minigin_retake\engine\pengo\release\pengo.tlog\cl.read.1.tlog
e:\documents\programming4\prog4_minigin_retake\engine\pengo\release\pengo.tlog\cl.write.1.tlog
e:\documents\programming4\prog4_minigin_retake\engine\pengo\release\pengo.tlog\link.command.1.tlog
e:\documents\programming4\prog4_minigin_retake\engine\pengo\release\pengo.tlog\link.read.1.tlog
e:\documents\programming4\prog4_minigin_retake\engine\pengo\release\pengo.tlog\link.write.1.tlog
e:\documents\programming4\prog4_minigin_retake\engine\pengo\release\pengo.tlog\pengo.write.1u.tlog
