e:\documents\programming4\2dae06_prog4_05_eeckhout_jens\engine\digdug\x64\debug\digdug.pch
e:\documents\programming4\2dae06_prog4_05_eeckhout_jens\engine\digdug\x64\debug\vc141.pdb
e:\documents\programming4\2dae06_prog4_05_eeckhout_jens\engine\digdug\x64\debug\vc141.idb
e:\documents\programming4\2dae06_prog4_05_eeckhout_jens\engine\digdug\x64\debug\pch.obj
e:\documents\programming4\2dae06_prog4_05_eeckhout_jens\engine\digdug\x64\debug\upcommand.obj
e:\documents\programming4\2dae06_prog4_05_eeckhout_jens\engine\digdug\x64\debug\rightcommand.obj
e:\documents\programming4\2dae06_prog4_05_eeckhout_jens\engine\digdug\x64\debug\pumpingstate.obj
e:\documents\programming4\2dae06_prog4_05_eeckhout_jens\engine\digdug\x64\debug\movingstate.obj
e:\documents\programming4\2dae06_prog4_05_eeckhout_jens\engine\digdug\x64\debug\minigin.obj
e:\documents\programming4\2dae06_prog4_05_eeckhout_jens\engine\digdug\x64\debug\main.obj
e:\documents\programming4\2dae06_prog4_05_eeckhout_jens\engine\digdug\x64\debug\leftcommand.obj
e:\documents\programming4\2dae06_prog4_05_eeckhout_jens\engine\digdug\x64\debug\idlestate.obj
e:\documents\programming4\2dae06_prog4_05_eeckhout_jens\engine\digdug\x64\debug\idlecommand.obj
e:\documents\programming4\2dae06_prog4_05_eeckhout_jens\engine\digdug\x64\debug\hitstate.obj
e:\documents\programming4\2dae06_prog4_05_eeckhout_jens\engine\digdug\x64\debug\downcommand.obj
e:\documents\programming4\2dae06_prog4_05_eeckhout_jens\engine\digdug\x64\debug\digdugscene.obj
e:\documents\programming4\2dae06_prog4_05_eeckhout_jens\engine\digdug\x64\debug\attackstate.obj
e:\documents\programming4\2dae06_prog4_05_eeckhout_jens\engine\digdug\x64\debug\attackcommand.obj
e:\documents\programming4\2dae06_prog4_05_eeckhout_jens\engine\x64\debug\digdug.exe
e:\documents\programming4\2dae06_prog4_05_eeckhout_jens\engine\x64\debug\digdug.ilk
e:\documents\programming4\2dae06_prog4_05_eeckhout_jens\engine\x64\debug\digdug.pdb
e:\documents\programming4\2dae06_prog4_05_eeckhout_jens\engine\digdug\x64\debug\digdug.tlog\cl.command.1.tlog
e:\documents\programming4\2dae06_prog4_05_eeckhout_jens\engine\digdug\x64\debug\digdug.tlog\cl.read.1.tlog
e:\documents\programming4\2dae06_prog4_05_eeckhout_jens\engine\digdug\x64\debug\digdug.tlog\cl.write.1.tlog
e:\documents\programming4\2dae06_prog4_05_eeckhout_jens\engine\digdug\x64\debug\digdug.tlog\link.command.1.tlog
e:\documents\programming4\2dae06_prog4_05_eeckhout_jens\engine\digdug\x64\debug\digdug.tlog\link.read.1.tlog
e:\documents\programming4\2dae06_prog4_05_eeckhout_jens\engine\digdug\x64\debug\digdug.tlog\link.write.1.tlog
